  Brick.cpp
c:\users\yurin\source\repos\project_1\project_1\puck.h(24): warning C4244: аргумент: преобразование "int" в "float", возможна потеря данных
c:\users\yurin\source\repos\project_1\project_1\puck.h(25): warning C4244: аргумент: преобразование "int" в "float", возможна потеря данных
c:\users\yurin\source\repos\project_1\project_1\puck.h(29): warning C4244: аргумент: преобразование "int" в "float", возможна потеря данных
c:\users\yurin\source\repos\project_1\project_1\puck.h(33): warning C4244: аргумент: преобразование "int" в "float", возможна потеря данных
  BrickPile.cpp
c:\users\yurin\source\repos\project_1\project_1\puck.h(24): warning C4244: аргумент: преобразование "int" в "float", возможна потеря данных
c:\users\yurin\source\repos\project_1\project_1\puck.h(25): warning C4244: аргумент: преобразование "int" в "float", возможна потеря данных
c:\users\yurin\source\repos\project_1\project_1\puck.h(29): warning C4244: аргумент: преобразование "int" в "float", возможна потеря данных
c:\users\yurin\source\repos\project_1\project_1\puck.h(33): warning C4244: аргумент: преобразование "int" в "float", возможна потеря данных
c:\users\yurin\source\repos\project_1\project_1\brickpile.cpp(14): warning C4244: аргумент: преобразование "int" в "float", возможна потеря данных
  GameTable.cpp
c:\users\yurin\source\repos\project_1\project_1\puck.h(24): warning C4244: аргумент: преобразование "int" в "float", возможна потеря данных
c:\users\yurin\source\repos\project_1\project_1\puck.h(25): warning C4244: аргумент: преобразование "int" в "float", возможна потеря данных
c:\users\yurin\source\repos\project_1\project_1\puck.h(29): warning C4244: аргумент: преобразование "int" в "float", возможна потеря данных
c:\users\yurin\source\repos\project_1\project_1\puck.h(33): warning C4244: аргумент: преобразование "int" в "float", возможна потеря данных
c:\users\yurin\source\repos\project_1\project_1\gametable.cpp(109): warning C4244: аргумент: преобразование "int" в "float", возможна потеря данных
c:\users\yurin\source\repos\project_1\project_1\gametable.cpp(109): warning C4244: =: преобразование "float" в "int", возможна потеря данных
c:\users\yurin\source\repos\project_1\project_1\gametable.cpp(121): warning C4244: аргумент: преобразование "int" в "float", возможна потеря данных
c:\users\yurin\source\repos\project_1\project_1\gametable.cpp(121): warning C4244: =: преобразование "float" в "int", возможна потеря данных
  Pandlle.cpp
c:\users\yurin\source\repos\project_1\project_1\pandlle.h(26): error C2535: void Pandlle::Left(void): функция-член уже определена или объявлена
  c:\users\yurin\source\repos\project_1\project_1\pandlle.h(20): note:  см. объявление "Pandlle::Left"
  PROJECT_1.cpp
c:\users\yurin\source\repos\project_1\project_1\puck.h(24): warning C4244: аргумент: преобразование "int" в "float", возможна потеря данных
c:\users\yurin\source\repos\project_1\project_1\puck.h(25): warning C4244: аргумент: преобразование "int" в "float", возможна потеря данных
c:\users\yurin\source\repos\project_1\project_1\puck.h(29): warning C4244: аргумент: преобразование "int" в "float", возможна потеря данных
c:\users\yurin\source\repos\project_1\project_1\puck.h(33): warning C4244: аргумент: преобразование "int" в "float", возможна потеря данных
  Создание кода...
